Using pre-set license

 COMMAND LINE ARGUMENTS:
/Applications/Unity/Hub/Editor/2020.3.7f1/Unity.app/Contents/MacOS/Unity
-adb2
-batchMode
-noUpm
-name
AssetImportWorker0
-projectPath
/Users/ota.kou/github_repositories/wire_evasion_game/wire_evasion_game
-logFile
Logs/AssetImportWorker0.log
-srvPort
52923
Successfully changed project path to: /Users/ota.kou/github_repositories/wire_evasion_game/wire_evasion_game
/Users/ota.kou/github_repositories/wire_evasion_game/wire_evasion_game
Using Asset Import Pipeline V2.
Refreshing native plugins compatible for Editor in 33.33 ms, found 2 plugins.
Preloading 0 native plugins for Editor in 0.00 ms.
Initialize engine version: 2020.3.7f1 (dd97f2c94397)
[Subsystems] Discovering subsystems at path /Applications/Unity/Hub/Editor/2020.3.7f1/Unity.app/Contents/Resources/UnitySubsystems
[Subsystems] Discovering subsystems at path /Users/ota.kou/github_repositories/wire_evasion_game/wire_evasion_game/Assets
GfxDevice: creating device client; threaded=0
2021-05-23 21:04:19.964 Unity[36671:1999352] Color LCD preferred device: AMD Radeon Pro 555X (high power)
2021-05-23 21:04:19.964 Unity[36671:1999352] Metal devices available: 2
2021-05-23 21:04:19.964 Unity[36671:1999352] 0: AMD Radeon Pro 555X (high power)
2021-05-23 21:04:19.964 Unity[36671:1999352] 1: Intel(R) UHD Graphics 630 (low power)
2021-05-23 21:04:19.964 Unity[36671:1999352] Using device AMD Radeon Pro 555X (high power)
Initializing Metal device caps: AMD Radeon Pro 555X
Initialize mono
Mono path[0] = '/Applications/Unity/Hub/Editor/2020.3.7f1/Unity.app/Contents/Managed'
Mono path[1] = '/Applications/Unity/Hub/Editor/2020.3.7f1/Unity.app/Contents/MonoBleedingEdge/lib/mono/unityjit'
Mono config path = '/Applications/Unity/Hub/Editor/2020.3.7f1/Unity.app/Contents/MonoBleedingEdge/etc'
Using monoOptions --debugger-agent=transport=dt_socket,embedding=1,server=y,suspend=n,address=127.0.0.1:56671
Begin MonoManager ReloadAssembly
Registering precompiled unity dll's ...
Register platform support module: /Applications/Unity/Hub/Editor/2020.3.7f1/Unity.app/Contents/PlaybackEngines/MacStandaloneSupport/UnityEditor.OSXStandalone.Extensions.dll
Registered in 0.000528 seconds.
Native extension for OSXStandalone target not found
Refreshing native plugins compatible for Editor in 33.49 ms, found 2 plugins.
Preloading 0 native plugins for Editor in 0.00 ms.
Mono: successfully reloaded assembly
- Completed reload, in  2.740 seconds
Platform modules already initialized, skipping
Registering precompiled user dll's ...
Registered in 0.000458 seconds.
Begin MonoManager ReloadAssembly
Native extension for OSXStandalone target not found
Refreshing native plugins compatible for Editor in 31.46 ms, found 2 plugins.
Preloading 0 native plugins for Editor in 0.00 ms.
Mono: successfully reloaded assembly
- Completed reload, in  1.048 seconds
Platform modules already initialized, skipping
========================================================================
Worker process is ready to serve import requests
Launching external process: /Applications/Unity/Hub/Editor/2020.3.7f1/Unity.app/Contents/Tools/UnityShaderCompiler
Launched and connected shader compiler UnityShaderCompiler after 0.01 seconds
Refreshing native plugins compatible for Editor in 0.32 ms, found 2 plugins.
Preloading 0 native plugins for Editor in 0.00 ms.
Unloading 1813 Unused Serialized files (Serialized files now loaded: 0)
System memory in use before: 152.5 MB.
System memory in use after: 152.5 MB.

Unloading 24 unused Assets to reduce memory usage. Loaded Objects now: 2256.
Total: 2.394713 ms (FindLiveObjects: 0.231247 ms CreateObjectMapping: 0.096405 ms MarkObjects: 1.920800 ms  DeleteObjects: 0.145101 ms)

========================================================================
Received Import Request.
  path: Assets/Prefabs/OjamaBlock.prefab
  artifactKey: Guid(f91e6804bb62f44339528910e51fde6f) Importer(815301076,1909f56bfc062723c751e8b465ee728b)
Start importing Assets/Prefabs/OjamaBlock.prefab using Guid(f91e6804bb62f44339528910e51fde6f) Importer(815301076,1909f56bfc062723c751e8b465ee728b)  -> (artifact id: '6b65c20c3de90d65c6e50ff566ad6a22') in 0.909449 seconds
  Import took 0.913166 seconds .

========================================================================
Received Import Request.
  Time since last request: 0.000225 seconds.
  path: Assets/Prefabs/FailZone.prefab
  artifactKey: Guid(7d73aea5754a142acabb05d7606efbb1) Importer(815301076,1909f56bfc062723c751e8b465ee728b)
Start importing Assets/Prefabs/FailZone.prefab using Guid(7d73aea5754a142acabb05d7606efbb1) Importer(815301076,1909f56bfc062723c751e8b465ee728b)  -> (artifact id: '1de42de588308b8f4004cd490d7a9726') in 0.013984 seconds
  Import took 0.016730 seconds .

========================================================================
Received Prepare
Registering precompiled user dll's ...
Registered in 0.000798 seconds.
Begin MonoManager ReloadAssembly
Native extension for OSXStandalone target not found
Refreshing native plugins compatible for Editor in 0.31 ms, found 2 plugins.
Preloading 0 native plugins for Editor in 0.00 ms.
Mono: successfully reloaded assembly
- Completed reload, in  0.956 seconds
Platform modules already initialized, skipping
Refreshing native plugins compatible for Editor in 0.30 ms, found 2 plugins.
Preloading 0 native plugins for Editor in 0.00 ms.
Unloading 1808 Unused Serialized files (Serialized files now loaded: 0)
System memory in use before: 160.2 MB.
System memory in use after: 160.2 MB.

Unloading 12 unused Assets to reduce memory usage. Loaded Objects now: 2267.
Total: 2.631244 ms (FindLiveObjects: 0.259429 ms CreateObjectMapping: 0.075973 ms MarkObjects: 2.161957 ms  DeleteObjects: 0.132326 ms)

========================================================================
Received Import Request.
  Time since last request: 13.968618 seconds.
  path: Assets/Prefabs/FailZone.prefab
  artifactKey: Guid(7d73aea5754a142acabb05d7606efbb1) Importer(815301076,1909f56bfc062723c751e8b465ee728b)
Start importing Assets/Prefabs/FailZone.prefab using Guid(7d73aea5754a142acabb05d7606efbb1) Importer(815301076,1909f56bfc062723c751e8b465ee728b)  -> (artifact id: '957f26fab4b991a072bd4a64dc58505d') in 0.066828 seconds
  Import took 0.070702 seconds .

========================================================================
Received Prepare
Registering precompiled user dll's ...
Registered in 0.000830 seconds.
Begin MonoManager ReloadAssembly
Native extension for OSXStandalone target not found
Refreshing native plugins compatible for Editor in 0.31 ms, found 2 plugins.
Preloading 0 native plugins for Editor in 0.00 ms.
Mono: successfully reloaded assembly
- Completed reload, in  0.910 seconds
Platform modules already initialized, skipping
Refreshing native plugins compatible for Editor in 0.30 ms, found 2 plugins.
Preloading 0 native plugins for Editor in 0.00 ms.
Unloading 1808 Unused Serialized files (Serialized files now loaded: 0)
System memory in use before: 160.5 MB.
System memory in use after: 160.5 MB.

Unloading 12 unused Assets to reduce memory usage. Loaded Objects now: 2272.
Total: 2.028114 ms (FindLiveObjects: 0.194535 ms CreateObjectMapping: 0.064675 ms MarkObjects: 1.663495 ms  DeleteObjects: 0.102834 ms)

